{
  "0 debug pnpm:scope": {
    "selected": 1
  },
  "1 debug pnpm": {
    "isCaseSensitive": false,
    "store": "D:\\.pnpm-store\\2"
  },
  "2 debug pnpm:package-manifest": {
    "initial": {
      "name": "camp",
      "version": "3.0.0",
      "main": "dist/index.js",
      "scripts": {
        "start": "tsc && NODE_ENV=dev node dist/index.js",
        "nodemon": "nodemon -e \"ts\" -i dist/ -i .env -x \"tsc && echo Build finished! && NODE_ENV=dev node dist/index.js || exit 1\"",
        "update": "ncu -u && pnpm i"
      },
      "author": "AlexejheroYTB",
      "license": "GPL-3.0",
      "dependencies": {
        "@types/ws": "^7.2.4",
        "discord.js": "^12.2.0",
        "dotenv": "^8.2.0",
        "express": "^4.17.1",
        "fs-readdir-recursive": "^1.1.0",
        "request": "^2.88.2",
        "request-promise": "^4.2.5"
      },
      "devDependencies": {
        "@types/express": "^4.17.6",
        "@types/fs-readdir-recursive": "^1.0.0",
        "@types/request": "^2.48.5",
        "@types/request-promise": "^4.1.46",
        "@typescript-eslint/eslint-plugin": "^2.33.0",
        "@typescript-eslint/parser": "^2.33.0",
        "eslint": "^7.0.0",
        "eslint-plugin-jsdoc": "^25.4.1",
        "eslint-plugin-no-null": "^1.0.2",
        "typescript": "^3.9.2",
        "typescript-tslint-plugin": "^0.5.5"
      }
    },
    "prefix": "D:\\CAMP-3.0"
  },
  "3 debug pnpm:stage": {
    "prefix": "D:\\CAMP-3.0",
    "stage": "resolution_started"
  },
  "4 debug pnpm:_dependency_resolved": {
    "resolution": "registry.npmjs.org/@types/express/4.17.6",
    "wanted": {
      "name": "@types/express",
      "rawSpec": "^4.17.6"
    }
  },
  "5 debug pnpm:progress": {
    "packageId": "registry.npmjs.org/@types/express/4.17.6",
    "requester": "D:\\CAMP-3.0",
    "status": "resolved"
  },
  "6 debug pnpm:_dependency_resolved": {
    "resolution": "registry.npmjs.org/@types/fs-readdir-recursive/1.0.0",
    "wanted": {
      "name": "@types/fs-readdir-recursive",
      "rawSpec": "^1.0.0"
    }
  },
  "7 debug pnpm:progress": {
    "packageId": "registry.npmjs.org/@types/fs-readdir-recursive/1.0.0",
    "requester": "D:\\CAMP-3.0",
    "status": "resolved"
  },
  "8 debug pnpm:_dependency_resolved": {
    "resolution": "registry.npmjs.org/@types/request/2.48.5",
    "wanted": {
      "name": "@types/request",
      "rawSpec": "^2.48.5"
    }
  },
  "9 debug pnpm:progress": {
    "packageId": "registry.npmjs.org/@types/request/2.48.5",
    "requester": "D:\\CAMP-3.0",
    "status": "resolved"
  },
  "10 debug pnpm:_dependency_resolved": {
    "resolution": "registry.npmjs.org/@types/request-promise/4.1.46",
    "wanted": {
      "name": "@types/request-promise",
      "rawSpec": "^4.1.46"
    }
  },
  "11 debug pnpm:progress": {
    "packageId": "registry.npmjs.org/@types/request-promise/4.1.46",
    "requester": "D:\\CAMP-3.0",
    "status": "resolved"
  },
  "12 debug pnpm:_dependency_resolved": {
    "resolution": "registry.npmjs.org/@typescript-eslint/eslint-plugin/2.33.0",
    "wanted": {
      "name": "@typescript-eslint/eslint-plugin",
      "rawSpec": "^2.33.0"
    }
  },
  "13 debug pnpm:_dependency_resolved": {
    "resolution": "registry.npmjs.org/@typescript-eslint/parser/2.33.0",
    "wanted": {
      "name": "@typescript-eslint/parser",
      "rawSpec": "^2.33.0"
    }
  },
  "14 debug pnpm:_dependency_resolved": {
    "resolution": "registry.npmjs.org/eslint/7.0.0",
    "wanted": {
      "name": "eslint",
      "rawSpec": "^7.0.0"
    }
  },
  "15 debug pnpm:progress": {
    "packageId": "registry.npmjs.org/eslint/7.0.0",
    "requester": "D:\\CAMP-3.0",
    "status": "resolved"
  },
  "16 debug pnpm:_dependency_resolved": {
    "resolution": "registry.npmjs.org/eslint-plugin-jsdoc/25.4.1",
    "wanted": {
      "name": "eslint-plugin-jsdoc",
      "rawSpec": "^25.4.1"
    }
  },
  "17 debug pnpm:_dependency_resolved": {
    "resolution": "registry.npmjs.org/eslint-plugin-no-null/1.0.2",
    "wanted": {
      "name": "eslint-plugin-no-null",
      "rawSpec": "^1.0.2"
    }
  },
  "18 debug pnpm:_dependency_resolved": {
    "resolution": "registry.npmjs.org/typescript/3.9.2",
    "wanted": {
      "name": "typescript",
      "rawSpec": "^3.9.2"
    }
  },
  "19 debug pnpm:progress": {
    "packageId": "registry.npmjs.org/typescript/3.9.2",
    "requester": "D:\\CAMP-3.0",
    "status": "resolved"
  },
  "20 debug pnpm:_dependency_resolved": {
    "resolution": "registry.npmjs.org/typescript-tslint-plugin/0.5.5",
    "wanted": {
      "name": "typescript-tslint-plugin",
      "rawSpec": "^0.5.5"
    }
  },
  "21 debug pnpm:progress": {
    "packageId": "registry.npmjs.org/typescript-tslint-plugin/0.5.5",
    "requester": "D:\\CAMP-3.0",
    "status": "resolved"
  },
  "22 debug pnpm:_dependency_resolved": {
    "resolution": "registry.npmjs.org/@types/ws/7.2.4",
    "wanted": {
      "name": "@types/ws",
      "rawSpec": "^7.2.4"
    }
  },
  "23 debug pnpm:progress": {
    "packageId": "registry.npmjs.org/@types/ws/7.2.4",
    "requester": "D:\\CAMP-3.0",
    "status": "resolved"
  },
  "24 debug pnpm:_dependency_resolved": {
    "resolution": "registry.npmjs.org/discord.js/12.2.0",
    "wanted": {
      "name": "discord.js",
      "rawSpec": "^12.2.0"
    }
  },
  "25 debug pnpm:_dependency_resolved": {
    "resolution": "registry.npmjs.org/dotenv/8.2.0",
    "wanted": {
      "name": "dotenv",
      "rawSpec": "^8.2.0"
    }
  },
  "26 debug pnpm:progress": {
    "packageId": "registry.npmjs.org/dotenv/8.2.0",
    "requester": "D:\\CAMP-3.0",
    "status": "resolved"
  },
  "27 debug pnpm:_dependency_resolved": {
    "resolution": "registry.npmjs.org/express/4.17.1",
    "wanted": {
      "name": "express",
      "rawSpec": "^4.17.1"
    }
  },
  "28 debug pnpm:progress": {
    "packageId": "registry.npmjs.org/express/4.17.1",
    "requester": "D:\\CAMP-3.0",
    "status": "resolved"
  },
  "29 debug pnpm:_dependency_resolved": {
    "resolution": "registry.npmjs.org/fs-readdir-recursive/1.1.0",
    "wanted": {
      "name": "fs-readdir-recursive",
      "rawSpec": "^1.1.0"
    }
  },
  "30 debug pnpm:progress": {
    "packageId": "registry.npmjs.org/fs-readdir-recursive/1.1.0",
    "requester": "D:\\CAMP-3.0",
    "status": "resolved"
  },
  "31 debug pnpm:_dependency_resolved": {
    "resolution": "registry.npmjs.org/request/2.88.2",
    "wanted": {
      "name": "request",
      "rawSpec": "^2.88.2"
    }
  },
  "32 debug pnpm:deprecation": {
    "deprecated": "request has been deprecated, see https://github.com/request/request/issues/3142",
    "depth": 0,
    "pkgId": "registry.npmjs.org/request/2.88.2",
    "pkgName": "request",
    "pkgVersion": "2.88.2",
    "prefix": "D:\\CAMP-3.0"
  },
  "33 debug pnpm:progress": {
    "packageId": "registry.npmjs.org/request/2.88.2",
    "requester": "D:\\CAMP-3.0",
    "status": "resolved"
  },
  "34 debug pnpm:_dependency_resolved": {
    "resolution": "registry.npmjs.org/request-promise/4.2.5",
    "wanted": {
      "name": "request-promise",
      "rawSpec": "^4.2.5"
    }
  },
  "35 debug pnpm:progress": {
    "packageId": "registry.npmjs.org/@types/express/4.17.6",
    "requester": "D:\\CAMP-3.0",
    "status": "found_in_store"
  },
  "36 debug pnpm:progress": {
    "packageId": "registry.npmjs.org/@types/fs-readdir-recursive/1.0.0",
    "requester": "D:\\CAMP-3.0",
    "status": "found_in_store"
  },
  "37 debug pnpm:progress": {
    "packageId": "registry.npmjs.org/@types/request/2.48.5",
    "requester": "D:\\CAMP-3.0",
    "status": "found_in_store"
  },
  "38 debug pnpm:progress": {
    "packageId": "registry.npmjs.org/@types/request-promise/4.1.46",
    "requester": "D:\\CAMP-3.0",
    "status": "found_in_store"
  },
  "39 debug pnpm:progress": {
    "packageId": "registry.npmjs.org/typescript-tslint-plugin/0.5.5",
    "requester": "D:\\CAMP-3.0",
    "status": "found_in_store"
  },
  "40 debug pnpm:progress": {
    "packageId": "registry.npmjs.org/@types/ws/7.2.4",
    "requester": "D:\\CAMP-3.0",
    "status": "found_in_store"
  },
  "41 debug pnpm:progress": {
    "packageId": "registry.npmjs.org/dotenv/8.2.0",
    "requester": "D:\\CAMP-3.0",
    "status": "found_in_store"
  },
  "42 debug pnpm:progress": {
    "packageId": "registry.npmjs.org/express/4.17.1",
    "requester": "D:\\CAMP-3.0",
    "status": "found_in_store"
  },
  "43 debug pnpm:progress": {
    "packageId": "registry.npmjs.org/fs-readdir-recursive/1.1.0",
    "requester": "D:\\CAMP-3.0",
    "status": "found_in_store"
  },
  "44 debug pnpm:progress": {
    "packageId": "registry.npmjs.org/request/2.88.2",
    "requester": "D:\\CAMP-3.0",
    "status": "found_in_store"
  },
  "45 debug pnpm:progress": {
    "packageId": "registry.npmjs.org/@typescript-eslint/parser/2.33.0",
    "requester": "D:\\CAMP-3.0",
    "status": "resolved"
  },
  "46 debug pnpm:progress": {
    "packageId": "registry.npmjs.org/@typescript-eslint/parser/2.33.0",
    "requester": "D:\\CAMP-3.0",
    "status": "found_in_store"
  },
  "47 debug pnpm:progress": {
    "packageId": "registry.npmjs.org/eslint-plugin-no-null/1.0.2",
    "requester": "D:\\CAMP-3.0",
    "status": "resolved"
  },
  "48 debug pnpm:progress": {
    "packageId": "registry.npmjs.org/eslint-plugin-no-null/1.0.2",
    "requester": "D:\\CAMP-3.0",
    "status": "found_in_store"
  },
  "49 debug pnpm:progress": {
    "packageId": "registry.npmjs.org/eslint-plugin-jsdoc/25.4.1",
    "requester": "D:\\CAMP-3.0",
    "status": "resolved"
  },
  "50 debug pnpm:progress": {
    "packageId": "registry.npmjs.org/eslint-plugin-jsdoc/25.4.1",
    "requester": "D:\\CAMP-3.0",
    "status": "found_in_store"
  },
  "51 debug pnpm:_dependency_resolved": {
    "resolution": "registry.npmjs.org/@types/eslint-visitor-keys/1.0.0",
    "wanted": {
      "dependentId": "registry.npmjs.org/@typescript-eslint/parser/2.33.0",
      "name": "@types/eslint-visitor-keys",
      "rawSpec": "^1.0.0"
    }
  },
  "52 debug pnpm:progress": {
    "packageId": "registry.npmjs.org/@types/eslint-visitor-keys/1.0.0",
    "requester": "D:\\CAMP-3.0",
    "status": "resolved"
  },
  "53 debug pnpm:_dependency_resolved": {
    "resolution": "registry.npmjs.org/@typescript-eslint/experimental-utils/2.33.0",
    "wanted": {
      "dependentId": "registry.npmjs.org/@typescript-eslint/parser/2.33.0",
      "name": "@typescript-eslint/experimental-utils",
      "rawSpec": "2.33.0"
    }
  },
  "54 debug pnpm:_dependency_resolved": {
    "resolution": "registry.npmjs.org/@typescript-eslint/typescript-estree/2.33.0",
    "wanted": {
      "dependentId": "registry.npmjs.org/@typescript-eslint/parser/2.33.0",
      "name": "@typescript-eslint/typescript-estree",
      "rawSpec": "2.33.0"
    }
  },
  "55 debug pnpm:_dependency_resolved": {
    "resolution": "registry.npmjs.org/eslint-visitor-keys/1.1.0",
    "wanted": {
      "dependentId": "registry.npmjs.org/@typescript-eslint/parser/2.33.0",
      "name": "eslint-visitor-keys",
      "rawSpec": "^1.1.0"
    }
  },
  "56 debug pnpm:progress": {
    "packageId": "registry.npmjs.org/eslint-visitor-keys/1.1.0",
    "requester": "D:\\CAMP-3.0",
    "status": "resolved"
  },
  "57 debug pnpm:_dependency_resolved": {
    "resolution": "registry.npmjs.org/debug/4.1.1",
    "wanted": {
      "dependentId": "registry.npmjs.org/eslint-plugin-jsdoc/25.4.1",
      "name": "debug",
      "rawSpec": "^4.1.1"
    }
  },
  "58 debug pnpm:progress": {
    "packageId": "registry.npmjs.org/debug/4.1.1",
    "requester": "D:\\CAMP-3.0",
    "status": "resolved"
  },
  "59 debug pnpm:_dependency_resolved": {
    "resolution": "registry.npmjs.org/comment-parser/0.7.4",
    "wanted": {
      "dependentId": "registry.npmjs.org/eslint-plugin-jsdoc/25.4.1",
      "name": "comment-parser",
      "rawSpec": "^0.7.4"
    }
  },
  "60 debug pnpm:progress": {
    "packageId": "registry.npmjs.org/comment-parser/0.7.4",
    "requester": "D:\\CAMP-3.0",
    "status": "resolved"
  },
  "61 debug pnpm:_dependency_resolved": {
    "resolution": "registry.npmjs.org/jsdoctypeparser/6.1.0",
    "wanted": {
      "dependentId": "registry.npmjs.org/eslint-plugin-jsdoc/25.4.1",
      "name": "jsdoctypeparser",
      "rawSpec": "^6.1.0"
    }
  },
  "62 debug pnpm:progress": {
    "packageId": "registry.npmjs.org/jsdoctypeparser/6.1.0",
    "requester": "D:\\CAMP-3.0",
    "status": "resolved"
  },
  "63 debug pnpm:_dependency_resolved": {
    "resolution": "registry.npmjs.org/lodash/4.17.15",
    "wanted": {
      "dependentId": "registry.npmjs.org/eslint-plugin-jsdoc/25.4.1",
      "name": "lodash",
      "rawSpec": "^4.17.15"
    }
  },
  "64 debug pnpm:progress": {
    "packageId": "registry.npmjs.org/lodash/4.17.15",
    "requester": "D:\\CAMP-3.0",
    "status": "resolved"
  },
  "65 debug pnpm:_dependency_resolved": {
    "resolution": "registry.npmjs.org/regextras/0.7.1",
    "wanted": {
      "dependentId": "registry.npmjs.org/eslint-plugin-jsdoc/25.4.1",
      "name": "regextras",
      "rawSpec": "^0.7.1"
    }
  },
  "66 debug pnpm:progress": {
    "packageId": "registry.npmjs.org/regextras/0.7.1",
    "requester": "D:\\CAMP-3.0",
    "status": "resolved"
  },
  "67 debug pnpm:_dependency_resolved": {
    "resolution": "registry.npmjs.org/semver/6.3.0",
    "wanted": {
      "dependentId": "registry.npmjs.org/eslint-plugin-jsdoc/25.4.1",
      "name": "semver",
      "rawSpec": "^6.3.0"
    }
  },
  "68 debug pnpm:progress": {
    "packageId": "registry.npmjs.org/semver/6.3.0",
    "requester": "D:\\CAMP-3.0",
    "status": "resolved"
  },
  "69 debug pnpm:_dependency_resolved": {
    "resolution": "registry.npmjs.org/spdx-expression-parse/3.0.1",
    "wanted": {
      "dependentId": "registry.npmjs.org/eslint-plugin-jsdoc/25.4.1",
      "name": "spdx-expression-parse",
      "rawSpec": "^3.0.0"
    }
  },
  "70 debug pnpm:progress": {
    "packageId": "registry.npmjs.org/spdx-expression-parse/3.0.1",
    "requester": "D:\\CAMP-3.0",
    "status": "resolved"
  },
  "71 debug pnpm:progress": {
    "packageId": "registry.npmjs.org/request-promise/4.2.5",
    "requester": "D:\\CAMP-3.0",
    "status": "resolved"
  },
  "72 debug pnpm:progress": {
    "packageId": "registry.npmjs.org/request-promise/4.2.5",
    "requester": "D:\\CAMP-3.0",
    "status": "found_in_store"
  },
  "73 debug pnpm:progress": {
    "packageId": "registry.npmjs.org/eslint/7.0.0",
    "requester": "D:\\CAMP-3.0",
    "status": "found_in_store"
  },
  "74 debug pnpm:_dependency_resolved": {
    "resolution": "registry.npmjs.org/request-promise-core/1.1.3",
    "wanted": {
      "dependentId": "registry.npmjs.org/request-promise/4.2.5",
      "name": "request-promise-core",
      "rawSpec": "1.1.3"
    }
  },
  "75 debug pnpm:_dependency_resolved": {
    "resolution": "registry.npmjs.org/bluebird/3.7.2",
    "wanted": {
      "dependentId": "registry.npmjs.org/request-promise/4.2.5",
      "name": "bluebird",
      "rawSpec": "^3.5.0"
    }
  },
  "76 debug pnpm:progress": {
    "packageId": "registry.npmjs.org/bluebird/3.7.2",
    "requester": "D:\\CAMP-3.0",
    "status": "resolved"
  },
  "77 debug pnpm:_dependency_resolved": {
    "resolution": "registry.npmjs.org/stealthy-require/1.1.1",
    "wanted": {
      "dependentId": "registry.npmjs.org/request-promise/4.2.5",
      "name": "stealthy-require",
      "rawSpec": "^1.1.1"
    }
  },
  "78 debug pnpm:progress": {
    "packageId": "registry.npmjs.org/stealthy-require/1.1.1",
    "requester": "D:\\CAMP-3.0",
    "status": "resolved"
  },
  "79 debug pnpm:_dependency_resolved": {
    "resolution": "registry.npmjs.org/tough-cookie/2.5.0",
    "wanted": {
      "dependentId": "registry.npmjs.org/request-promise/4.2.5",
      "name": "tough-cookie",
      "rawSpec": "^2.3.3"
    }
  },
  "80 debug pnpm:progress": {
    "packageId": "registry.npmjs.org/tough-cookie/2.5.0",
    "requester": "D:\\CAMP-3.0",
    "status": "resolved"
  },
  "81 debug pnpm:progress": {
    "packageId": "registry.npmjs.org/discord.js/12.2.0",
    "requester": "D:\\CAMP-3.0",
    "status": "resolved"
  },
  "82 debug pnpm:progress": {
    "packageId": "registry.npmjs.org/discord.js/12.2.0",
    "requester": "D:\\CAMP-3.0",
    "status": "found_in_store"
  },
  "83 debug pnpm:_dependency_resolved": {
    "resolution": "registry.npmjs.org/@discordjs/collection/0.1.5",
    "wanted": {
      "dependentId": "registry.npmjs.org/discord.js/12.2.0",
      "name": "@discordjs/collection",
      "rawSpec": "^0.1.5"
    }
  },
  "84 debug pnpm:progress": {
    "packageId": "registry.npmjs.org/@discordjs/collection/0.1.5",
    "requester": "D:\\CAMP-3.0",
    "status": "resolved"
  },
  "85 debug pnpm:_dependency_resolved": {
    "resolution": "registry.npmjs.org/@discordjs/form-data/3.0.1",
    "wanted": {
      "dependentId": "registry.npmjs.org/discord.js/12.2.0",
      "name": "@discordjs/form-data",
      "rawSpec": "^3.0.1"
    }
  },
  "86 debug pnpm:progress": {
    "packageId": "registry.npmjs.org/@discordjs/form-data/3.0.1",
    "requester": "D:\\CAMP-3.0",
    "status": "resolved"
  },
  "87 debug pnpm:_dependency_resolved": {
    "resolution": "registry.npmjs.org/abort-controller/3.0.0",
    "wanted": {
      "dependentId": "registry.npmjs.org/discord.js/12.2.0",
      "name": "abort-controller",
      "rawSpec": "^3.0.0"
    }
  },
  "88 debug pnpm:progress": {
    "packageId": "registry.npmjs.org/abort-controller/3.0.0",
    "requester": "D:\\CAMP-3.0",
    "status": "resolved"
  },
  "89 debug pnpm:_dependency_resolved": {
    "resolution": "registry.npmjs.org/node-fetch/2.6.0",
    "wanted": {
      "dependentId": "registry.npmjs.org/discord.js/12.2.0",
      "name": "node-fetch",
      "rawSpec": "^2.6.0"
    }
  },
  "90 debug pnpm:progress": {
    "packageId": "registry.npmjs.org/node-fetch/2.6.0",
    "requester": "D:\\CAMP-3.0",
    "status": "resolved"
  },
  "91 debug pnpm:_dependency_resolved": {
    "resolution": "registry.npmjs.org/prism-media/1.2.2",
    "wanted": {
      "dependentId": "registry.npmjs.org/discord.js/12.2.0",
      "name": "prism-media",
      "rawSpec": "^1.2.0"
    }
  },
  "92 debug pnpm:_dependency_resolved": {
    "resolution": "registry.npmjs.org/setimmediate/1.0.5",
    "wanted": {
      "dependentId": "registry.npmjs.org/discord.js/12.2.0",
      "name": "setimmediate",
      "rawSpec": "^1.0.5"
    }
  },
  "93 debug pnpm:progress": {
    "packageId": "registry.npmjs.org/setimmediate/1.0.5",
    "requester": "D:\\CAMP-3.0",
    "status": "resolved"
  },
  "94 debug pnpm:_dependency_resolved": {
    "resolution": "registry.npmjs.org/tweetnacl/1.0.3",
    "wanted": {
      "dependentId": "registry.npmjs.org/discord.js/12.2.0",
      "name": "tweetnacl",
      "rawSpec": "^1.0.3"
    }
  },
  "95 debug pnpm:progress": {
    "packageId": "registry.npmjs.org/tweetnacl/1.0.3",
    "requester": "D:\\CAMP-3.0",
    "status": "resolved"
  },
  "96 debug pnpm:_dependency_resolved": {
    "resolution": "registry.npmjs.org/ws/7.3.0",
    "wanted": {
      "dependentId": "registry.npmjs.org/discord.js/12.2.0",
      "name": "ws",
      "rawSpec": "^7.2.1"
    }
  },
  "97 debug pnpm:progress": {
    "packageId": "registry.npmjs.org/comment-parser/0.7.4",
    "requester": "D:\\CAMP-3.0",
    "status": "found_in_store"
  },
  "98 debug pnpm:progress": {
    "packageId": "registry.npmjs.org/@types/eslint-visitor-keys/1.0.0",
    "requester": "D:\\CAMP-3.0",
    "status": "found_in_store"
  },
  "99 debug pnpm:progress": {
    "packageId": "registry.npmjs.org/eslint-visitor-keys/1.1.0",
    "requester": "D:\\CAMP-3.0",
    "status": "found_in_store"
  },
  "100 debug pnpm:progress": {
    "packageId": "registry.npmjs.org/jsdoctypeparser/6.1.0",
    "requester": "D:\\CAMP-3.0",
    "status": "found_in_store"
  },
  "101 debug pnpm:progress": {
    "packageId": "registry.npmjs.org/regextras/0.7.1",
    "requester": "D:\\CAMP-3.0",
    "status": "found_in_store"
  },
  "102 debug pnpm:progress": {
    "packageId": "registry.npmjs.org/debug/4.1.1",
    "requester": "D:\\CAMP-3.0",
    "status": "found_in_store"
  },
  "103 debug pnpm:progress": {
    "packageId": "registry.npmjs.org/semver/6.3.0",
    "requester": "D:\\CAMP-3.0",
    "status": "found_in_store"
  },
  "104 debug pnpm:progress": {
    "packageId": "registry.npmjs.org/spdx-expression-parse/3.0.1",
    "requester": "D:\\CAMP-3.0",
    "status": "found_in_store"
  },
  "105 debug pnpm:progress": {
    "packageId": "registry.npmjs.org/stealthy-require/1.1.1",
    "requester": "D:\\CAMP-3.0",
    "status": "found_in_store"
  },
  "106 debug pnpm:progress": {
    "packageId": "registry.npmjs.org/bluebird/3.7.2",
    "requester": "D:\\CAMP-3.0",
    "status": "found_in_store"
  },
  "107 debug pnpm:progress": {
    "packageId": "registry.npmjs.org/@typescript-eslint/eslint-plugin/2.33.0",
    "requester": "D:\\CAMP-3.0",
    "status": "resolved"
  },
  "108 debug pnpm:progress": {
    "packageId": "registry.npmjs.org/@typescript-eslint/eslint-plugin/2.33.0",
    "requester": "D:\\CAMP-3.0",
    "status": "found_in_store"
  },
  "109 debug pnpm:progress": {
    "packageId": "registry.npmjs.org/tough-cookie/2.5.0",
    "requester": "D:\\CAMP-3.0",
    "status": "found_in_store"
  },
  "110 debug pnpm:_dependency_resolved": {
    "resolution": "registry.npmjs.org/@typescript-eslint/experimental-utils/2.33.0",
    "wanted": {
      "dependentId": "registry.npmjs.org/@typescript-eslint/eslint-plugin/2.33.0",
      "name": "@typescript-eslint/experimental-utils",
      "rawSpec": "2.33.0"
    }
  },
  "111 debug pnpm:_dependency_resolved": {
    "resolution": "registry.npmjs.org/functional-red-black-tree/1.0.1",
    "wanted": {
      "dependentId": "registry.npmjs.org/@typescript-eslint/eslint-plugin/2.33.0",
      "name": "functional-red-black-tree",
      "rawSpec": "^1.0.1"
    }
  },
  "112 debug pnpm:progress": {
    "packageId": "registry.npmjs.org/functional-red-black-tree/1.0.1",
    "requester": "D:\\CAMP-3.0",
    "status": "resolved"
  },
  "113 debug pnpm:_dependency_resolved": {
    "resolution": "registry.npmjs.org/regexpp/3.1.0",
    "wanted": {
      "dependentId": "registry.npmjs.org/@typescript-eslint/eslint-plugin/2.33.0",
      "name": "regexpp",
      "rawSpec": "^3.0.0"
    }
  },
  "114 debug pnpm:progress": {
    "packageId": "registry.npmjs.org/regexpp/3.1.0",
    "requester": "D:\\CAMP-3.0",
    "status": "resolved"
  },
  "115 debug pnpm:_dependency_resolved": {
    "resolution": "registry.npmjs.org/tsutils/3.17.1",
    "wanted": {
      "dependentId": "registry.npmjs.org/@typescript-eslint/eslint-plugin/2.33.0",
      "name": "tsutils",
      "rawSpec": "^3.17.1"
    }
  },
  "116 debug pnpm:progress": {
    "packageId": "registry.npmjs.org/@discordjs/collection/0.1.5",
    "requester": "D:\\CAMP-3.0",
    "status": "found_in_store"
  },
  "117 debug pnpm:progress": {
    "packageId": "registry.npmjs.org/@discordjs/form-data/3.0.1",
    "requester": "D:\\CAMP-3.0",
    "status": "found_in_store"
  },
  "118 debug pnpm:progress": {
    "packageId": "registry.npmjs.org/abort-controller/3.0.0",
    "requester": "D:\\CAMP-3.0",
    "status": "found_in_store"
  },
  "119 debug pnpm:progress": {
    "packageId": "registry.npmjs.org/node-fetch/2.6.0",
    "requester": "D:\\CAMP-3.0",
    "status": "found_in_store"
  },
  "120 debug pnpm:progress": {
    "packageId": "registry.npmjs.org/setimmediate/1.0.5",
    "requester": "D:\\CAMP-3.0",
    "status": "found_in_store"
  },
  "121 debug pnpm:progress": {
    "packageId": "registry.npmjs.org/tweetnacl/1.0.3",
    "requester": "D:\\CAMP-3.0",
    "status": "found_in_store"
  },
  "122 debug pnpm:progress": {
    "packageId": "registry.npmjs.org/@typescript-eslint/typescript-estree/2.33.0",
    "requester": "D:\\CAMP-3.0",
    "status": "resolved"
  },
  "123 debug pnpm:progress": {
    "packageId": "registry.npmjs.org/@typescript-eslint/typescript-estree/2.33.0",
    "requester": "D:\\CAMP-3.0",
    "status": "found_in_store"
  },
  "124 debug pnpm:_dependency_resolved": {
    "resolution": "registry.npmjs.org/debug/4.1.1",
    "wanted": {
      "dependentId": "registry.npmjs.org/@typescript-eslint/typescript-estree/2.33.0",
      "name": "debug",
      "rawSpec": "^4.1.1"
    }
  },
  "125 debug pnpm:_dependency_resolved": {
    "resolution": "registry.npmjs.org/eslint-visitor-keys/1.1.0",
    "wanted": {
      "dependentId": "registry.npmjs.org/@typescript-eslint/typescript-estree/2.33.0",
      "name": "eslint-visitor-keys",
      "rawSpec": "^1.1.0"
    }
  },
  "126 debug pnpm:_dependency_resolved": {
    "resolution": "registry.npmjs.org/glob/7.1.6",
    "wanted": {
      "dependentId": "registry.npmjs.org/@typescript-eslint/typescript-estree/2.33.0",
      "name": "glob",
      "rawSpec": "^7.1.6"
    }
  },
  "127 debug pnpm:progress": {
    "packageId": "registry.npmjs.org/glob/7.1.6",
    "requester": "D:\\CAMP-3.0",
    "status": "resolved"
  },
  "128 debug pnpm:_dependency_resolved": {
    "resolution": "registry.npmjs.org/is-glob/4.0.1",
    "wanted": {
      "dependentId": "registry.npmjs.org/@typescript-eslint/typescript-estree/2.33.0",
      "name": "is-glob",
      "rawSpec": "^4.0.1"
    }
  },
  "129 debug pnpm:progress": {
    "packageId": "registry.npmjs.org/is-glob/4.0.1",
    "requester": "D:\\CAMP-3.0",
    "status": "resolved"
  },
  "130 debug pnpm:_dependency_resolved": {
    "resolution": "registry.npmjs.org/lodash/4.17.15",
    "wanted": {
      "dependentId": "registry.npmjs.org/@typescript-eslint/typescript-estree/2.33.0",
      "name": "lodash",
      "rawSpec": "^4.17.15"
    }
  },
  "131 debug pnpm:_dependency_resolved": {
    "resolution": "registry.npmjs.org/semver/7.3.2",
    "wanted": {
      "dependentId": "registry.npmjs.org/@typescript-eslint/typescript-estree/2.33.0",
      "name": "semver",
      "rawSpec": "^7.3.2"
    }
  },
  "132 debug pnpm:progress": {
    "packageId": "registry.npmjs.org/semver/7.3.2",
    "requester": "D:\\CAMP-3.0",
    "status": "resolved"
  },
  "133 debug pnpm:_dependency_resolved": {
    "resolution": "registry.npmjs.org/tsutils/3.17.1",
    "wanted": {
      "dependentId": "registry.npmjs.org/@typescript-eslint/typescript-estree/2.33.0",
      "name": "tsutils",
      "rawSpec": "^3.17.1"
    }
  },
  "134 debug pnpm:progress": {
    "packageId": "registry.npmjs.org/request-promise-core/1.1.3",
    "requester": "D:\\CAMP-3.0",
    "status": "resolved"
  },
  "135 debug pnpm:progress": {
    "packageId": "registry.npmjs.org/request-promise-core/1.1.3",
    "requester": "D:\\CAMP-3.0",
    "status": "found_in_store"
  },
  "136 debug pnpm:progress": {
    "packageId": "registry.npmjs.org/regexpp/3.1.0",
    "requester": "D:\\CAMP-3.0",
    "status": "found_in_store"
  },
  "137 debug pnpm:progress": {
    "packageId": "registry.npmjs.org/functional-red-black-tree/1.0.1",
    "requester": "D:\\CAMP-3.0",
    "status": "found_in_store"
  },
  "138 debug pnpm:_dependency_resolved": {
    "resolution": "registry.npmjs.org/lodash/4.17.15",
    "wanted": {
      "dependentId": "registry.npmjs.org/request-promise-core/1.1.3",
      "name": "lodash",
      "rawSpec": "^4.17.15"
    }
  },
  "139 debug pnpm:_dependency_resolved": {
    "resolution": "registry.npmjs.org/lodash/4.17.15",
    "wanted": {
      "dependentId": "registry.npmjs.org/request-promise-core/1.1.3",
      "name": "lodash",
      "rawSpec": "^4.17.15"
    }
  },
  "140 debug pnpm:progress": {
    "packageId": "registry.npmjs.org/@typescript-eslint/experimental-utils/2.33.0",
    "requester": "D:\\CAMP-3.0",
    "status": "resolved"
  },
  "141 debug pnpm:progress": {
    "packageId": "registry.npmjs.org/@typescript-eslint/experimental-utils/2.33.0",
    "requester": "D:\\CAMP-3.0",
    "status": "found_in_store"
  },
  "142 debug pnpm:progress": {
    "packageId": "registry.npmjs.org/ws/7.3.0",
    "requester": "D:\\CAMP-3.0",
    "status": "resolved"
  },
  "143 debug pnpm:progress": {
    "packageId": "registry.npmjs.org/ws/7.3.0",
    "requester": "D:\\CAMP-3.0",
    "status": "found_in_store"
  },
  "144 debug pnpm:progress": {
    "packageId": "registry.npmjs.org/prism-media/1.2.2",
    "requester": "D:\\CAMP-3.0",
    "status": "resolved"
  },
  "145 debug pnpm:progress": {
    "packageId": "registry.npmjs.org/prism-media/1.2.2",
    "requester": "D:\\CAMP-3.0",
    "status": "found_in_store"
  },
  "146 debug pnpm:_dependency_resolved": {
    "resolution": "registry.npmjs.org/@types/json-schema/7.0.4",
    "wanted": {
      "dependentId": "registry.npmjs.org/@typescript-eslint/experimental-utils/2.33.0",
      "name": "@types/json-schema",
      "rawSpec": "^7.0.3"
    }
  },
  "147 debug pnpm:progress": {
    "packageId": "registry.npmjs.org/@types/json-schema/7.0.4",
    "requester": "D:\\CAMP-3.0",
    "status": "resolved"
  },
  "148 debug pnpm:_dependency_resolved": {
    "resolution": "registry.npmjs.org/@typescript-eslint/typescript-estree/2.33.0",
    "wanted": {
      "dependentId": "registry.npmjs.org/@typescript-eslint/experimental-utils/2.33.0",
      "name": "@typescript-eslint/typescript-estree",
      "rawSpec": "2.33.0"
    }
  },
  "149 debug pnpm:_dependency_resolved": {
    "resolution": "registry.npmjs.org/eslint-scope/5.0.0",
    "wanted": {
      "dependentId": "registry.npmjs.org/@typescript-eslint/experimental-utils/2.33.0",
      "name": "eslint-scope",
      "rawSpec": "^5.0.0"
    }
  },
  "150 debug pnpm:progress": {
    "packageId": "registry.npmjs.org/eslint-scope/5.0.0",
    "requester": "D:\\CAMP-3.0",
    "status": "resolved"
  },
  "151 debug pnpm:_dependency_resolved": {
    "resolution": "registry.npmjs.org/eslint-utils/2.0.0",
    "wanted": {
      "dependentId": "registry.npmjs.org/@typescript-eslint/experimental-utils/2.33.0",
      "name": "eslint-utils",
      "rawSpec": "^2.0.0"
    }
  },
  "152 debug pnpm:progress": {
    "packageId": "registry.npmjs.org/eslint-utils/2.0.0",
    "requester": "D:\\CAMP-3.0",
    "status": "resolved"
  },
  "153 debug pnpm:progress": {
    "packageId": "registry.npmjs.org/glob/7.1.6",
    "requester": "D:\\CAMP-3.0",
    "status": "found_in_store"
  },
  "154 debug pnpm:progress": {
    "packageId": "registry.npmjs.org/semver/7.3.2",
    "requester": "D:\\CAMP-3.0",
    "status": "found_in_store"
  },
  "155 debug pnpm:progress": {
    "packageId": "registry.npmjs.org/is-glob/4.0.1",
    "requester": "D:\\CAMP-3.0",
    "status": "found_in_store"
  },
  "156 debug pnpm:progress": {
    "packageId": "registry.npmjs.org/tsutils/3.17.1",
    "requester": "D:\\CAMP-3.0",
    "status": "resolved"
  },
  "157 debug pnpm:progress": {
    "packageId": "registry.npmjs.org/tsutils/3.17.1",
    "requester": "D:\\CAMP-3.0",
    "status": "found_in_store"
  },
  "158 debug pnpm:_dependency_resolved": {
    "resolution": "registry.npmjs.org/tslib/1.13.0",
    "wanted": {
      "dependentId": "registry.npmjs.org/tsutils/3.17.1",
      "name": "tslib",
      "rawSpec": "^1.8.1"
    }
  },
  "159 debug pnpm:progress": {
    "packageId": "registry.npmjs.org/tslib/1.13.0",
    "requester": "D:\\CAMP-3.0",
    "status": "resolved"
  },
  "160 debug pnpm:progress": {
    "packageId": "registry.npmjs.org/eslint-scope/5.0.0",
    "requester": "D:\\CAMP-3.0",
    "status": "found_in_store"
  },
  "161 debug pnpm:progress": {
    "packageId": "registry.npmjs.org/@types/json-schema/7.0.4",
    "requester": "D:\\CAMP-3.0",
    "status": "found_in_store"
  },
  "162 debug pnpm:progress": {
    "packageId": "registry.npmjs.org/eslint-utils/2.0.0",
    "requester": "D:\\CAMP-3.0",
    "status": "found_in_store"
  },
  "163 debug pnpm:_dependency_resolved": {
    "resolution": "registry.npmjs.org/tslib/1.13.0",
    "wanted": {
      "dependentId": "registry.npmjs.org/tsutils/3.17.1",
      "name": "tslib",
      "rawSpec": "^1.8.1"
    }
  },
  "164 debug pnpm:_dependency_resolved": {
    "resolution": "registry.npmjs.org/debug/4.1.1",
    "wanted": {
      "dependentId": "registry.npmjs.org/@typescript-eslint/typescript-estree/2.33.0",
      "name": "debug",
      "rawSpec": "^4.1.1"
    }
  },
  "165 debug pnpm:_dependency_resolved": {
    "resolution": "registry.npmjs.org/eslint-visitor-keys/1.1.0",
    "wanted": {
      "dependentId": "registry.npmjs.org/@typescript-eslint/typescript-estree/2.33.0",
      "name": "eslint-visitor-keys",
      "rawSpec": "^1.1.0"
    }
  },
  "166 debug pnpm:_dependency_resolved": {
    "resolution": "registry.npmjs.org/glob/7.1.6",
    "wanted": {
      "dependentId": "registry.npmjs.org/@typescript-eslint/typescript-estree/2.33.0",
      "name": "glob",
      "rawSpec": "^7.1.6"
    }
  },
  "167 debug pnpm:_dependency_resolved": {
    "resolution": "registry.npmjs.org/is-glob/4.0.1",
    "wanted": {
      "dependentId": "registry.npmjs.org/@typescript-eslint/typescript-estree/2.33.0",
      "name": "is-glob",
      "rawSpec": "^4.0.1"
    }
  },
  "168 debug pnpm:_dependency_resolved": {
    "resolution": "registry.npmjs.org/lodash/4.17.15",
    "wanted": {
      "dependentId": "registry.npmjs.org/@typescript-eslint/typescript-estree/2.33.0",
      "name": "lodash",
      "rawSpec": "^4.17.15"
    }
  },
  "169 debug pnpm:_dependency_resolved": {
    "resolution": "registry.npmjs.org/semver/7.3.2",
    "wanted": {
      "dependentId": "registry.npmjs.org/@typescript-eslint/typescript-estree/2.33.0",
      "name": "semver",
      "rawSpec": "^7.3.2"
    }
  },
  "170 debug pnpm:_dependency_resolved": {
    "resolution": "registry.npmjs.org/tsutils/3.17.1",
    "wanted": {
      "dependentId": "registry.npmjs.org/@typescript-eslint/typescript-estree/2.33.0",
      "name": "tsutils",
      "rawSpec": "^3.17.1"
    }
  },
  "171 debug pnpm:_dependency_resolved": {
    "resolution": "registry.npmjs.org/@types/json-schema/7.0.4",
    "wanted": {
      "dependentId": "registry.npmjs.org/@typescript-eslint/experimental-utils/2.33.0",
      "name": "@types/json-schema",
      "rawSpec": "^7.0.3"
    }
  },
  "172 debug pnpm:_dependency_resolved": {
    "resolution": "registry.npmjs.org/@typescript-eslint/typescript-estree/2.33.0",
    "wanted": {
      "dependentId": "registry.npmjs.org/@typescript-eslint/experimental-utils/2.33.0",
      "name": "@typescript-eslint/typescript-estree",
      "rawSpec": "2.33.0"
    }
  },
  "173 debug pnpm:_dependency_resolved": {
    "resolution": "registry.npmjs.org/eslint-scope/5.0.0",
    "wanted": {
      "dependentId": "registry.npmjs.org/@typescript-eslint/experimental-utils/2.33.0",
      "name": "eslint-scope",
      "rawSpec": "^5.0.0"
    }
  },
  "174 debug pnpm:_dependency_resolved": {
    "resolution": "registry.npmjs.org/eslint-utils/2.0.0",
    "wanted": {
      "dependentId": "registry.npmjs.org/@typescript-eslint/experimental-utils/2.33.0",
      "name": "eslint-utils",
      "rawSpec": "^2.0.0"
    }
  },
  "175 debug pnpm:progress": {
    "packageId": "registry.npmjs.org/tslib/1.13.0",
    "requester": "D:\\CAMP-3.0",
    "status": "found_in_store"
  },
  "176 debug pnpm:progress": {
    "packageId": "registry.npmjs.org/lodash/4.17.15",
    "requester": "D:\\CAMP-3.0",
    "status": "found_in_store"
  },
  "177 debug pnpm:progress": {
    "packageId": "registry.npmjs.org/typescript/3.9.2",
    "requester": "D:\\CAMP-3.0",
    "status": "found_in_store"
  },
  "178 error pnpm": {
    "message": {
      "code": "ERR_PNPM_REGISTRY_META_RESPONSE_404",
      "package": "fs-readfile-sync",
      "response": {
        "size": 0,
        "timeout": 0
      },
      "uri": "https://registry.npmjs.org/fs-readfile-sync",
      "pkgsStack": []
    },
    "err": {
      "name": "Error",
      "message": "404 Not Found: fs-readfile-sync (via https://registry.npmjs.org/fs-readfile-sync)",
      "code": "ERR_PNPM_REGISTRY_META_RESPONSE_404",
      "stack": "Error: 404 Not Found: fs-readfile-sync (via https://registry.npmjs.org/fs-readfile-sync)\n    at fromRegistry (C:\\Users\\user\\AppData\\Roaming\\npm\\pnpm-global\\3\\node_modules\\.pnpm\\registry.npmjs.org\\pnpm\\4.14.2\\node_modules\\pnpm\\lib\\node_modules\\@pnpm\\npm-resolver\\lib\\fetch.js:24:15)\n    at processTicksAndRejections (internal/process/task_queues.js:97:5)"
    }
  }
}